<?xml version="1.0" encoding="UTF-8"?>
<!-- Generated by org.testng.reporters.JUnitReportReporter -->
<testsuite hostname="LAPTOP-4IJVI1TJ" failures="0" tests="2" name="Demo.Search" time="1.499" errors="0" timestamp="2021-04-22T12:35:09 EDT" skipped="0">
  <testcase classname="Demo.Search" name="PL" time="0.123"/>
  <system-out/>
  <testcase classname="Demo.Search" name="test" time="1.376"/>
  <system-out/>
</testsuite> <!-- Demo.Search -->
